INFO:root:Created application 69f37aa6795b34edf417d856 for user cspahn21@outlook.com
INFO:root:Application updated: 69f37aa6795b34edf417d856
INFO:root:Application deleted: 69ee9446119497801f91af96
INFO:root:Recommended jobs for user cspahn21@outlook.com: 6
INFO:root:Created application 69f3a4a5a124e615c6a5df7c for user cspahn21@outlook.com
INFO:root:Resume uploaded for application 69f3a4a5a124e615c6a5df7c
INFO:root:Created application 69f3a4b7a124e615c6a5df7d for user cspahn21@outlook.com
INFO:root:Resume uploaded for application 69f3a4b7a124e615c6a5df7d
INFO:root:Application deleted: 69f3a4b7a124e615c6a5df7d
INFO:root:Application updated: 69f3a4a5a124e615c6a5df7c
INFO:root:Adzuna search by title/location: city='Chicago, IL' title='software engineer' count=20
INFO:root:Recommended jobs for user cspahn21@outlook.com: 0
INFO:root:Recommended jobs for user cspahn21@outlook.com: 0
INFO:root:Recommended jobs for user cspahn21@outlook.com: 0
INFO:root:Recommended jobs for user cspahn21@outlook.com: 0
INFO:root:Recommended jobs for user cspahn21@outlook.com: 0
INFO:root:Recommended jobs for user cspahn21@outlook.com: 0
INFO:root:Recommended jobs for user cspahn21@outlook.com: 0
INFO:root:Recommended jobs for user cspahn21@outlook.com: 0
INFO:root:Recommended jobs for user cspahn21@outlook.com: 0
INFO:root:Recommended jobs for user cspahn21@outlook.com: 0
INFO:root:Recommended jobs for user cspahn21@outlook.com: 0
INFO:root:Recommended jobs for user cspahn21@outlook.com: 0
INFO:root:Recommended jobs for user cspahn21@outlook.com: 0
INFO:root:Recommended jobs for user cspahn21@outlook.com: 0
INFO:root:Recommended jobs for user cspahn21@outlook.com: 0
INFO:root:Adzuna search by title/location: city='New York City, NY' title='accountant' count=20
INFO:root:Match score calculated for application 69f3a4a5a124e615c6a5df7c: 50.6
